net.bluelotus.tomorrow.easyandroid.MainActivity@4b91a65
result =  1835996258  i= 236492408
Error: java.lang.RuntimeException: Can't create handler inside thread that has not called Looper.prepare()
    at <anonymous> (frida/node_modules/frida-java-bridge/lib/env.js:124)
    at value (frida/node_modules/frida-java-bridge/lib/class-factory.js:1064)
    at e (frida/node_modules/frida-java-bridge/lib/class-factory.js:585)
    at apply (native)
    at value (frida/node_modules/frida-java-bridge/lib/class-factory.js:969)
    at e (frida/node_modules/frida-java-bridge/lib/class-factory.js:552)
    at <anonymous> (X:\2023安卓逆向CTF系列视频\2023安卓逆向CTF系列视频（四）\讲义\hook_4_crack.js:33)
    at <anonymous> (frida/node_modules/frida-java-bridge/lib/vm.js:12)
    at _performPendingVmOps (frida/node_modules/frida-java-bridge/index.js:250)
    at <anonymous> (frida/node_modules/frida-java-bridge/index.js:225)
    at <anonymous> (frida/node_modules/frida-java-bridge/lib/vm.js:12)
    at _performPendingVmOpsWhenReady (frida/node_modules/frida-java-bridge/index.js:244)
    at perform (frida/node_modules/frida-java-bridge/index.js:204)
    at hook (X:\2023安卓逆向CTF系列视频\2023安卓逆向CTF系列视频（四）\讲义\hook_4_crack.js:35)
    at apply (native)
    at <anonymous> (frida/runtime/core.js:51)
Error: java.lang.RuntimeException: Can't create handler inside thread that has not called Looper.prepare()
    at <anonymous> (frida/node_modules/frida-java-bridge/lib/env.js:124)
    at value (frida/node_modules/frida-java-bridge/lib/class-factory.js:1064)
    at e (frida/node_modules/frida-java-bridge/lib/class-factory.js:585)
    at apply (native)
    at value (frida/node_modules/frida-java-bridge/lib/class-factory.js:969)
    at e (frida/node_modules/frida-java-bridge/lib/class-factory.js:552)
    at <anonymous> (X:\2023安卓逆向CTF系列视频\2023安卓逆向CTF系列视频（四）\讲义\hook_4_crack.js:33)
    at <anonymous> (frida/node_modules/frida-java-bridge/lib/vm.js:12)
    at _performPendingVmOps (frida/node_modules/frida-java-bridge/index.js:250)
    at <anonymous> (frida/node_modules/frida-java-bridge/index.js:225)
    at <anonymous> (frida/node_modules/frida-java-bridge/lib/vm.js:12)
    at _performPendingVmOpsWhenReady (frida/node_modules/frida-java-bridge/index.js:244)
    at perform (frida/node_modules/frida-java-bridge/index.js:204)
    at hook (X:\2023安卓逆向CTF系列视频\2023安卓逆向CTF系列视频（四）\讲义\hook_4_crack.js:35)
    at apply (native)
    at <anonymous> (frida/runtime/core.js:51)
Error: java.lang.RuntimeException: Can't create handler inside thread that has not called Looper.prepare()
    at <anonymous> (frida/node_modules/frida-java-bridge/lib/env.js:124)
    at value (frida/node_modules/frida-java-bridge/lib/class-factory.js:1064)
    at e (frida/node_modules/frida-java-bridge/lib/class-factory.js:585)
    at apply (native)
    at value (frida/node_modules/frida-java-bridge/lib/class-factory.js:969)
    at e (frida/node_modules/frida-java-bridge/lib/class-factory.js:552)
    at <anonymous> (X:\2023安卓逆向CTF系列视频\2023安卓逆向CTF系列视频（四）\讲义\hook_4_crack.js:33)
    at <anonymous> (frida/node_modules/frida-java-bridge/lib/vm.js:12)
    at _performPendingVmOps (frida/node_modules/frida-java-bridge/index.js:250)
    at <anonymous> (frida/node_modules/frida-java-bridge/index.js:225)
    at <anonymous> (frida/node_modules/frida-java-bridge/lib/vm.js:12)
    at _performPendingVmOpsWhenReady (frida/node_modules/frida-java-bridge/index.js:244)
    at perform (frida/node_modules/frida-java-bridge/index.js:204)
    at hook (X:\2023安卓逆向CTF系列视频\2023安卓逆向CTF系列视频（四）\讲义\hook_4_crack.js:37)
    at apply (native)
    at <anonymous> (frida/runtime/core.js:51)
Error: java.lang.RuntimeException: Can't create handler inside thread that has not called Looper.prepare()
    at <anonymous> (frida/node_modules/frida-java-bridge/lib/env.js:124)
    at value (frida/node_modules/frida-java-bridge/lib/class-factory.js:1064)
    at e (frida/node_modules/frida-java-bridge/lib/class-factory.js:585)
    at apply (native)
    at value (frida/node_modules/frida-java-bridge/lib/class-factory.js:969)
    at e (frida/node_modules/frida-java-bridge/lib/class-factory.js:552)
    at <anonymous> (X:\2023安卓逆向CTF系列视频\2023安卓逆向CTF系列视频（四）\讲义\hook_4_crack.js:33)
    at <anonymous> (frida/node_modules/frida-java-bridge/lib/vm.js:12)
    at _performPendingVmOps (frida/node_modules/frida-java-bridge/index.js:250)
    at <anonymous> (frida/node_modules/frida-java-bridge/index.js:225)
    at <anonymous> (frida/node_modules/frida-java-bridge/lib/vm.js:12)
    at _performPendingVmOpsWhenReady (frida/node_modules/frida-java-bridge/index.js:244)
    at perform (frida/node_modules/frida-java-bridge/index.js:204)
    at hook (X:\2023安卓逆向CTF系列视频\2023安卓逆向CTF系列视频（四）\讲义\hook_4_crack.js:37)
    at apply (native)
    at <anonymous> (frida/runtime/core.js:51)
Error: java.lang.RuntimeException: Can't create handler inside thread that has not called Looper.prepare()
    at <anonymous> (frida/node_modules/frida-java-bridge/lib/env.js:124)
    at value (frida/node_modules/frida-java-bridge/lib/class-factory.js:1064)
    at e (frida/node_modules/frida-java-bridge/lib/class-factory.js:585)
    at apply (native)
    at value (frida/node_modules/frida-java-bridge/lib/class-factory.js:969)
    at e (frida/node_modules/frida-java-bridge/lib/class-factory.js:552)
    at <anonymous> (X:\2023安卓逆向CTF系列视频\2023安卓逆向CTF系列视频（四）\讲义\hook_4_crack.js:33)
    at <anonymous> (frida/node_modules/frida-java-bridge/lib/vm.js:12)
    at _performPendingVmOps (frida/node_modules/frida-java-bridge/index.js:250)
    at <anonymous> (frida/node_modules/frida-java-bridge/index.js:225)
    at <anonymous> (frida/node_modules/frida-java-bridge/lib/vm.js:12)
    at _performPendingVmOpsWhenReady (frida/node_modules/frida-java-bridge/index.js:244)
    at perform (frida/node_modules/frida-java-bridge/index.js:204)
    at hook (X:\2023安卓逆向CTF系列视频\2023安卓逆向CTF系列视频（四）\讲义\hook_4_crack.js:37)
    at apply (native)
    at <anonymous> (frida/runtime/core.js:51)
Error: java.lang.RuntimeException: Can't create handler inside thread that has not called Looper.prepare()
    at <anonymous> (frida/node_modules/frida-java-bridge/lib/env.js:124)
    at value (frida/node_modules/frida-java-bridge/lib/class-factory.js:1064)
    at e (frida/node_modules/frida-java-bridge/lib/class-factory.js:585)
    at apply (native)
    at value (frida/node_modules/frida-java-bridge/lib/class-factory.js:969)
    at e (frida/node_modules/frida-java-bridge/lib/class-factory.js:552)
    at <anonymous> (X:\2023安卓逆向CTF系列视频\2023安卓逆向CTF系列视频（四）\讲义\hook_4_crack.js:33)
    at <anonymous> (frida/node_modules/frida-java-bridge/lib/vm.js:12)
    at _performPendingVmOps (frida/node_modules/frida-java-bridge/index.js:250)
    at <anonymous> (frida/node_modules/frida-java-bridge/index.js:225)
    at <anonymous> (frida/node_modules/frida-java-bridge/lib/vm.js:12)
    at _performPendingVmOpsWhenReady (frida/node_modules/frida-java-bridge/index.js:244)
    at perform (frida/node_modules/frida-java-bridge/index.js:204)
    at hook (X:\2023安卓逆向CTF系列视频\2023安卓逆向CTF系列视频（四）\讲义\hook_4_crack.js:37)
    at apply (native)
    at <anonymous> (frida/runtime/core.js:51)
ReferenceError: 'consoel' is not defined
    at <anonymous> (X:\2023安卓逆向CTF系列视频\2023安卓逆向CTF系列视频（四）\讲义\hook_4_crack.js:35)
    at <anonymous> (frida/node_modules/frida-java-bridge/lib/vm.js:12)
    at _performPendingVmOps (frida/node_modules/frida-java-bridge/index.js:250)
    at <anonymous> (frida/node_modules/frida-java-bridge/index.js:225)
    at <anonymous> (frida/node_modules/frida-java-bridge/lib/vm.js:12)
    at _performPendingVmOpsWhenReady (frida/node_modules/frida-java-bridge/index.js:244)
    at perform (frida/node_modules/frida-java-bridge/index.js:204)
    at hook (X:\2023安卓逆向CTF系列视频\2023安卓逆向CTF系列视频（四）\讲义\hook_4_crack.js:37)
    at apply (native)
    at <anonymous> (frida/runtime/core.js:51)
ReferenceError: 'consoel' is not defined
    at <anonymous> (X:\2023安卓逆向CTF系列视频\2023安卓逆向CTF系列视频（四）\讲义\hook_4_crack.js:35)
    at <anonymous> (frida/node_modules/frida-java-bridge/lib/vm.js:12)
    at _performPendingVmOps (frida/node_modules/frida-java-bridge/index.js:250)
    at <anonymous> (frida/node_modules/frida-java-bridge/index.js:225)
    at <anonymous> (frida/node_modules/frida-java-bridge/lib/vm.js:12)
    at _performPendingVmOpsWhenReady (frida/node_modules/frida-java-bridge/index.js:244)
    at perform (frida/node_modules/frida-java-bridge/index.js:204)
    at hook (X:\2023安卓逆向CTF系列视频\2023安卓逆向CTF系列视频（四）\讲义\hook_4_crack.js:37)
    at apply (native)
    at <anonymous> (frida/runtime/core.js:51)
AAAAAGhlbGxvAA==
AAAAAGhlbGxvAA==
AAAAAGhlbGxvAA==

AAAAAGhlbGxvAA==

aGVsbG8=

aGVsbG8=

